c:\users\robin\documents\vector monitor project\github\vstcm\teensy code\vst_colour_mod_v3\x64\debug\vc143.pdb
c:\users\robin\documents\vector monitor project\github\vstcm\teensy code\vst_colour_mod_v3\x64\debug\vc143.idb
c:\users\robin\documents\vector monitor project\github\vstcm\teensy code\vst_colour_mod_v3\x64\debug\hershey_font.obj
c:\users\robin\documents\vector monitor project\github\vstcm\teensy code\vst_colour_mod_v3\x64\debug\vstcm fw v31.res
c:\users\robin\documents\vector monitor project\github\vstcm\teensy code\vst_colour_mod_v3\x64\debug\advmame.obj
c:\users\robin\documents\vector monitor project\github\vstcm\teensy code\vst_colour_mod_v3\x64\debug\buttons.obj
c:\users\robin\documents\vector monitor project\github\vstcm\teensy code\vst_colour_mod_v3\x64\debug\bzone.obj
c:\users\robin\documents\vector monitor project\github\vstcm\teensy code\vst_colour_mod_v3\x64\debug\cinemu.obj
c:\users\robin\documents\vector monitor project\github\vstcm\teensy code\vst_colour_mod_v3\x64\debug\drawing.obj
c:\users\robin\documents\vector monitor project\github\vstcm\teensy code\vst_colour_mod_v3\x64\debug\main.obj
c:\users\robin\documents\vector monitor project\github\vstcm\teensy code\vst_colour_mod_v3\x64\debug\settings.obj
c:\users\robin\documents\vector monitor project\github\vstcm\teensy code\vst_colour_mod_v3\x64\debug\spi_fct.obj
c:\users\robin\documents\vector monitor project\github\vstcm\teensy code\vst_colour_mod_v3\x64\debug\vstcm fw v3.pdb
c:\users\robin\documents\vector monitor project\github\vstcm\teensy code\vst_colour_mod_v3\x64\debug\vstcm fw v3.tlog\cl.command.1.tlog
c:\users\robin\documents\vector monitor project\github\vstcm\teensy code\vst_colour_mod_v3\x64\debug\vstcm fw v3.tlog\cl.read.1.tlog
c:\users\robin\documents\vector monitor project\github\vstcm\teensy code\vst_colour_mod_v3\x64\debug\vstcm fw v3.tlog\cl.write.1.tlog
c:\users\robin\documents\vector monitor project\github\vstcm\teensy code\vst_colour_mod_v3\x64\debug\vstcm fw v3.tlog\link-cvtres.read.1.tlog
c:\users\robin\documents\vector monitor project\github\vstcm\teensy code\vst_colour_mod_v3\x64\debug\vstcm fw v3.tlog\link-cvtres.write.1.tlog
c:\users\robin\documents\vector monitor project\github\vstcm\teensy code\vst_colour_mod_v3\x64\debug\vstcm fw v3.tlog\link-rc.read.1.tlog
c:\users\robin\documents\vector monitor project\github\vstcm\teensy code\vst_colour_mod_v3\x64\debug\vstcm fw v3.tlog\link-rc.write.1.tlog
c:\users\robin\documents\vector monitor project\github\vstcm\teensy code\vst_colour_mod_v3\x64\debug\vstcm fw v3.tlog\link.command.1.tlog
c:\users\robin\documents\vector monitor project\github\vstcm\teensy code\vst_colour_mod_v3\x64\debug\vstcm fw v3.tlog\link.read.1.tlog
c:\users\robin\documents\vector monitor project\github\vstcm\teensy code\vst_colour_mod_v3\x64\debug\vstcm fw v3.tlog\link.read.2.tlog
c:\users\robin\documents\vector monitor project\github\vstcm\teensy code\vst_colour_mod_v3\x64\debug\vstcm fw v3.tlog\link.read.3.tlog
c:\users\robin\documents\vector monitor project\github\vstcm\teensy code\vst_colour_mod_v3\x64\debug\vstcm fw v3.tlog\link.read.4.tlog
c:\users\robin\documents\vector monitor project\github\vstcm\teensy code\vst_colour_mod_v3\x64\debug\vstcm fw v3.tlog\link.write.1.tlog
c:\users\robin\documents\vector monitor project\github\vstcm\teensy code\vst_colour_mod_v3\x64\debug\vstcm fw v3.tlog\rc.command.1.tlog
c:\users\robin\documents\vector monitor project\github\vstcm\teensy code\vst_colour_mod_v3\x64\debug\vstcm fw v3.tlog\rc.read.1.tlog
c:\users\robin\documents\vector monitor project\github\vstcm\teensy code\vst_colour_mod_v3\x64\debug\vstcm fw v3.tlog\rc.write.1.tlog
